<?xml version="1.0" encoding="UTF-8"?>
<robot generator="Robot 6.0.2 (Python 3.11.3 on win32)" generated="20230426 22:20:07.962" rpa="false" schemaversion="3">
<suite id="s1" name="My Sql" source="C:\Users\Tran\PycharmProjects\pythonProject\Tests\my_sql.robot">
<test id="s1-t1" name="Install my sql" line="6">
<kw name="Open Browser" library="SeleniumLibrary">
<arg>https://erp.rc.damelagi.org</arg>
<arg>chrome</arg>
<doc>Opens a new browser instance to the optional ``url``.</doc>
<msg timestamp="20230426 22:20:08.300" level="INFO">Opening browser 'chrome' to base url 'https://erp.rc.damelagi.org'.</msg>
<msg timestamp="20230426 22:20:08.305" level="INFO">Executing: C:\Users\Tran\AppData\Local\Programs\Python\Python311\Lib\site-packages\selenium\webdriver\common\windows\selenium-manager.exe --browser chrome --output json</msg>
<status status="PASS" starttime="20230426 22:20:08.300" endtime="20230426 22:20:11.843"/>
</kw>
<kw name="Capture Page Screenshot" library="SeleniumLibrary">
<doc>Takes a screenshot of the current page and embeds it into a log file.</doc>
<msg timestamp="20230426 22:20:12.058" level="INFO" html="true">&lt;/td&gt;&lt;/tr&gt;&lt;tr&gt;&lt;td colspan="3"&gt;&lt;a href="selenium-screenshot-1.png"&gt;&lt;img src="selenium-screenshot-1.png" width="800px"&gt;&lt;/a&gt;</msg>
<status status="PASS" starttime="20230426 22:20:11.844" endtime="20230426 22:20:12.058"/>
</kw>
<kw name="Maximize Browser Window" library="SeleniumLibrary">
<doc>Maximizes current browser window.</doc>
<status status="PASS" starttime="20230426 22:20:12.059" endtime="20230426 22:20:12.183"/>
</kw>
<status status="PASS" starttime="20230426 22:20:08.299" endtime="20230426 22:20:12.183"/>
</test>
<status status="PASS" starttime="20230426 22:20:07.965" endtime="20230426 22:20:12.185"/>
</suite>
<statistics>
<total>
<stat pass="1" fail="0" skip="0">All Tests</stat>
</total>
<tag>
</tag>
<suite>
<stat pass="1" fail="0" skip="0" id="s1" name="My Sql">My Sql</stat>
</suite>
</statistics>
<errors>
<msg timestamp="20230426 22:20:08.297" level="ERROR">Error in file 'C:\Users\Tran\PycharmProjects\pythonProject\Pages\my_sql_page.robot' on line 3: Invalid resource file extension '.py'. Supported extensions are '.resource', '.robot', '.txt', '.tsv', '.rst' and '.rest'.</msg>
</errors>
</robot>
